SF:lib/features/number_trivia/data/models/number_trivia_model.dart
DA:4,1
DA:7,0
DA:9,0
DA:10,0
DA:11,0
DA:12,0
DA:16,0
DA:17,0
DA:18,0
DA:19,0
LF:10
LH:1
end_of_record
SF:lib/features/number_trivia/data/repositories/number_trivia_repository_impl.dart
DA:14,1
DA:22,1
DA:24,2
DA:28,0
DA:30,0
LF:5
LH:3
end_of_record
SF:lib/features/number_trivia/domain/entities/number_trivia.dart
DA:7,1
DA:12,0
DA:13,0
LF:3
LH:1
end_of_record
SF:lib/core/error/failures.dart
DA:4,0
DA:6,0
DA:7,0
LF:3
LH:0
end_of_record
